[2025-10-07 07:58:47] [INFO] [POC] Début du run (simulate=True) - cible: instant_gagnant
[2025-10-07 07:58:47] [SUCCESS] [grattweb.fr] Participation simulée - succès (dry-run)
[2025-10-07 07:58:47] [INFO] [POC] CSV écrit : /home/runner/work/concours/concours/data/exports/concours_2025-10-07.csv
[2025-10-07 07:58:47] [INFO] [POC] Rapport écrit : /home/runner/work/concours/concours/data/reports/grattweb_jouets_2025-10-07.html
[2025-10-07 07:58:47] [END] [POC] Run terminé
[2025-10-07 08:15:25] [INFO] [POC] Début du run (simulate=True) - cible: instant_gagnant
[2025-10-07 08:15:25] [SUCCESS] [grattweb.fr] Participation simulée - succès (dry-run)
[2025-10-07 08:15:25] [INFO] [POC] CSV écrit : /home/runner/work/concours/concours/data/exports/concours_2025-10-07.csv
[2025-10-07 08:15:25] [INFO] [POC] Rapport écrit : /home/runner/work/concours/concours/data/reports/grattweb_jouets_2025-10-07.html
[2025-10-07 08:15:25] [END] [POC] Run terminé
[2025-10-07 08:15:27] [INFO] [grattweb.fr / instant_gagnant] Probe OK : GATED_LOGIN (login requis, pas de formulaire en clair)
[2025-10-07 10:19:09] [INFO] [POC] Début du run (simulate=True) - cible: instant_gagnant
[2025-10-07 10:19:09] [SUCCESS] [grattweb.fr] Participation simulée - succès (dry-run)
[2025-10-07 10:19:09] [INFO] [POC] CSV écrit : /home/runner/work/concours/concours/data/exports/concours_2025-10-07.csv
[2025-10-07 10:19:09] [INFO] [POC] Rapport écrit : /home/runner/work/concours/concours/data/reports/grattweb_jouets_2025-10-07.html
[2025-10-07 10:19:09] [END] [POC] Run terminé
[2025-10-07 10:19:12] [INFO] [grattweb.fr / instant_gagnant] Probe OK : GATED_LOGIN (login requis, pas de formulaire en clair)
[2025-10-07 10:41:48] [INFO] [POC] Début du run (simulate=True) - cible: instant_gagnant
[2025-10-07 10:41:48] [SUCCESS] [grattweb.fr] Participation simulée - succès (dry-run)
[2025-10-07 10:41:48] [INFO] [POC] CSV écrit : /home/runner/work/concours/concours/data/exports/concours_2025-10-07.csv
[2025-10-07 10:41:48] [INFO] [POC] Rapport écrit : /home/runner/work/concours/concours/data/reports/grattweb_jouets_2025-10-07.html
[2025-10-07 10:41:48] [END] [POC] Run terminé
[2025-10-07 10:41:50] [INFO] [grattweb.fr / instant_gagnant] Probe OK : GATED_LOGIN (login requis, pas de formulaire en clair)
[2025-10-07 10:42:22] [INFO] [grattweb.fr / instant_gagnant] GATED_LOGIN détecté — formulaire non visible — screenshots: snap_20251007_104159_AFTER_NAV.png, snap_20251007_104200_GATED_LOGIN.png
[2025-10-07 10:42:24] [INFO] [grattweb.fr / instant_gagnant] Probe OK : GATED_LOGIN (login requis, pas de formulaire en clair)
[2025-10-07 16:16:54] [INFO] [POC] Début du run (simulate=True) - cible: instant_gagnant
[2025-10-07 16:16:54] [SUCCESS] [grattweb.fr] Participation simulée - succès (dry-run)
[2025-10-07 16:16:54] [INFO] [POC] CSV écrit : /home/runner/work/concours/concours/data/exports/concours_2025-10-07.csv
[2025-10-07 16:16:54] [INFO] [POC] Rapport écrit : /home/runner/work/concours/concours/data/reports/grattweb_jouets_2025-10-07.html
[2025-10-07 16:16:54] [END] [POC] Run terminé
[2025-10-07 16:16:56] [INFO] [grattweb.fr / instant_gagnant] Probe OK : GATED_LOGIN (login requis, pas de formulaire en clair)
[2025-10-07 16:17:27] [INFO] [grattweb.fr / instant_gagnant] GATED_LOGIN détecté — formulaire non visible — screenshots: snap_20251007_161705_AFTER_NAV.png, snap_20251007_161706_GATED_LOGIN.png
[2025-10-07 16:17:29] [INFO] [grattweb.fr / instant_gagnant] Probe OK : GATED_LOGIN (login requis, pas de formulaire en clair)
